<?xml version="1.0" encoding="UTF-8"?>
<testng-results ignored="0" total="1" passed="1" failed="0" skipped="0">
  <reporter-output>
  </reporter-output>
  <suite started-at="2022-05-03T13:34:06 IST" name="Default suite" finished-at="2022-05-03T13:35:15 IST" duration-ms="68687">
    <groups>
    </groups>
    <test started-at="2022-05-03T13:34:06 IST" name="Default test" finished-at="2022-05-03T13:35:15 IST" duration-ms="68687">
      <class name="com.testvagrant.test.TestClass">
        <test-method is-config="true" signature="setUp()[pri:0, instance:com.testvagrant.test.TestClass@2a266d09]" started-at="2022-05-03T13:34:06 IST" name="setUp" finished-at="2022-05-03T13:34:17 IST" duration-ms="10857" status="PASS">
          <reporter-output>
          </reporter-output>
        </test-method> <!-- setUp -->
        <test-method signature="wikipedia()[pri:0, instance:com.testvagrant.test.TestClass@2a266d09]" started-at="2022-05-03T13:34:17 IST" name="wikipedia" finished-at="2022-05-03T13:35:13 IST" duration-ms="56293" status="PASS">
          <reporter-output>
          </reporter-output>
        </test-method> <!-- wikipedia -->
        <test-method is-config="true" signature="tearDown()[pri:0, instance:com.testvagrant.test.TestClass@2a266d09]" started-at="2022-05-03T13:35:13 IST" name="tearDown" finished-at="2022-05-03T13:35:15 IST" duration-ms="1466" status="PASS">
          <reporter-output>
          </reporter-output>
        </test-method> <!-- tearDown -->
      </class> <!-- com.testvagrant.test.TestClass -->
    </test> <!-- Default test -->
  </suite> <!-- Default suite -->
</testng-results>
